<?xml version="1.0" encoding="UTF-8"?>
<!-- Generated by org.testng.reporters.JUnitXMLReporter -->
<testsuite hostname="DESKTOP-I27NA7P" ignored="0" name="Test" tests="1" failures="1" timestamp="23 Nov 2020 14:27:06 GMT" time="32.707" errors="0">
  <testcase name="flipkart" time="3.477" classname="com.qa.testcases.TC008_flipkart">
    <failure type="java.lang.IndexOutOfBoundsException" message="Index: 1, Size: 1">
      <![CDATA[java.lang.IndexOutOfBoundsException: Index: 1, Size: 1
at java.util.ArrayList.rangeCheck(ArrayList.java:659)
at java.util.ArrayList.get(ArrayList.java:435)
at com.qa.flipkart.Flipkart.apple(Flipkart.java:60)
at com.qa.testcases.TC008_flipkart.flipkart(TC008_flipkart.java:16)
... Removed 25 stack frames]]>
    </failure>
  </testcase> <!-- flipkart -->
</testsuite> <!-- Test -->
