<?xml version="1.0" encoding="UTF-8"?>
<!-- Generated by org.testng.reporters.JUnitXMLReporter -->
<testsuite hostname="DESKTOP-I27NA7P" ignored="0" name="Test(failed)" tests="2" failures="2" timestamp="19 Nov 2020 09:53:00 GMT" time="62.378" errors="0">
  <testcase name="regis" time="2.496" classname="com.qa.testcases.TC005_Rediffregistration">
    <failure type="java.lang.AssertionError" message="expected [true] but found [false]">
      <![CDATA[java.lang.AssertionError: expected [true] but found [false]
at com.qa.testcases.TC005_Rediffregistration.regis(TC005_Rediffregistration.java:21)
... Removed 29 stack frames]]>
    </failure>
  </testcase> <!-- regis -->
  <testcase name="login" time="1.504" classname="com.qa.testcases.TC_004_Rediff_Email">
    <failure type="java.lang.AssertionError" message="expected [true] but found [false]">
      <![CDATA[java.lang.AssertionError: expected [true] but found [false]
at com.qa.testcases.TC_004_Rediff_Email.login(TC_004_Rediff_Email.java:24)
... Removed 29 stack frames]]>
    </failure>
  </testcase> <!-- login -->
</testsuite> <!-- Test(failed) -->
